<?xml version="1.0" encoding="UTF-8"?>
<!-- Generated by org.testng.reporters.JUnitReportReporter -->
<testsuite hostname="DESKTOP-JEI5SMR" failures="0" tests="6" name="testNG.SkipATestCase" time="0.021" errors="0" timestamp="2021-09-29T19:08:36 IST" skipped="0">
  <testcase classname="testNG.SkipATestCase" name="startTheCar" time="0.011"/>
  <system-out/>
  <testcase classname="testNG.SkipATestCase" name="putFirstGear" time="0.002"/>
  <system-out/>
  <testcase classname="testNG.SkipATestCase" name="putsecondGear" time="0.002"/>
  <system-out/>
  <testcase classname="testNG.SkipATestCase" name="putThreadGear" time="0.003"/>
  <system-out/>
  <testcase classname="testNG.SkipATestCase" name="putFourthGear" time="0.001"/>
  <system-out/>
  <testcase classname="testNG.SkipATestCase" name="musicOn" time="0.002"/>
  <system-out/>
</testsuite> <!-- testNG.SkipATestCase -->
