<?xml version="1.0" encoding="UTF-8"?>
<!-- Generated by org.testng.reporters.JUnitReportReporter -->
<testsuite hostname="DESKTOP-JEI5SMR" failures="0" tests="3" name="testNG.DependanciesManagment" time="0.016" errors="0" timestamp="2021-09-29T19:26:26 IST" skipped="1">
  <testcase classname="testNG.DependanciesManagment" name="highSchool" time="0.013"/>
  <system-out/>
  <testcase classname="testNG.DependanciesManagment" name="higherSecondary" time="0.003"/>
  <system-out/>
  <testcase classname="testNG.DependanciesManagment" name="engineering">
    <skipped/>
  </testcase> <!-- engineering -->
  <system-out/>
</testsuite> <!-- testNG.DependanciesManagment -->
