<?xml version="1.0" encoding="UTF-8"?>
<!-- Generated by org.testng.reporters.JUnitReportReporter -->
<testsuite hostname="DESKTOP-JEI5SMR" failures="0" tests="4" name="testNG.SAMPLE_TEST_CASE" time="0.028" errors="0" timestamp="2021-09-29T18:48:02 IST" skipped="0">
  <testcase classname="testNG.SAMPLE_TEST_CASE" name="firstTestCase" time="0.021"/>
  <system-out/>
  <testcase classname="testNG.SAMPLE_TEST_CASE" name="thiredTestCase" time="0.002"/>
  <system-out/>
  <testcase classname="testNG.SAMPLE_TEST_CASE" name="fourthTestCase" time="0.003"/>
  <system-out/>
  <testcase classname="testNG.SAMPLE_TEST_CASE" name="secondTestCase" time="0.002"/>
  <system-out/>
</testsuite> <!-- testNG.SAMPLE_TEST_CASE -->
