<?xml version="1.0" encoding="UTF-8"?>
<!-- Generated by org.testng.reporters.JUnitReportReporter -->
<testsuite hostname="DESKTOP-JEI5SMR" failures="0" tests="5" name="testNG.DriveACar" time="0.023" errors="0" timestamp="2021-09-29T19:03:24 IST" skipped="0">
  <testcase classname="testNG.DriveACar" name="putFirstGear" time="0.014"/>
  <system-out/>
  <testcase classname="testNG.DriveACar" name="putsecondGear" time="0.002"/>
  <system-out/>
  <testcase classname="testNG.DriveACar" name="putThreadGear" time="0.002"/>
  <system-out/>
  <testcase classname="testNG.DriveACar" name="putFourthGear" time="0.002"/>
  <system-out/>
  <testcase classname="testNG.DriveACar" name="startTheCar" time="0.003"/>
  <system-out/>
</testsuite> <!-- testNG.DriveACar -->
