<?xml version="1.0" encoding="UTF-8"?>
<!-- Generated by org.testng.reporters.JUnitReportReporter -->
<testsuite hostname="DESKTOP-JEI5SMR" failures="0" tests="4" name="com.testNG.SAMPLE_TEST_CASE" time="0.034" errors="0" timestamp="2021-09-30T14:54:52 IST" skipped="0">
  <testcase classname="com.testNG.SAMPLE_TEST_CASE" name="fourthTestCase" time="0.003"/>
  <system-out/>
  <testcase classname="com.testNG.SAMPLE_TEST_CASE" name="secondTestCase" time="0.003"/>
  <system-out/>
  <testcase classname="com.testNG.SAMPLE_TEST_CASE" name="thiredTestCase" time="0.002"/>
  <system-out/>
  <testcase classname="com.testNG.SAMPLE_TEST_CASE" name="firstTestCase" time="0.026"/>
  <system-out/>
</testsuite> <!-- com.testNG.SAMPLE_TEST_CASE -->
